4TComic/app/build/intermediates/manifest_merge_blame_file/debug/processDebugMainManifest/manifest-merger-blame-debug-report.txt
1<?xml version="1.0" encoding="utf-8"?>
2<manifest xmlns:android="http://schemas.android.com/apk/res/android"
3    package="com.example.a4tcomic"
4    android:versionCode="1"
5    android:versionName="1.0" >
6
7    <uses-sdk
8        android:minSdkVersion="24"
9        android:targetSdkVersion="34" />
10
11    <uses-permission android:name="android.permission.READ_EXTERNAL_STORAGE" />
11-->src\main\AndroidManifest.xml:5:5-80
11-->src\main\AndroidManifest.xml:5:22-77
12    <uses-permission android:name="android.permission.INTERNET" />
12-->[com.google.firebase:firebase-auth:23.0.0] AndroidManifest.xml:25:5-67
12-->[com.google.firebase:firebase-auth:23.0.0] AndroidManifest.xml:25:22-64
13    <uses-permission android:name="android.permission.ACCESS_NETWORK_STATE" />
13-->[com.google.firebase:firebase-auth:23.0.0] AndroidManifest.xml:26:5-79
13-->[com.google.firebase:firebase-auth:23.0.0] AndroidManifest.xml:26:22-76
14    <uses-permission android:name="com.google.android.providers.gsf.permission.READ_GSERVICES" />
14-->[com.google.android.recaptcha:recaptcha:18.4.0] AndroidManifest.xml:9:5-98
14-->[com.google.android.recaptcha:recaptcha:18.4.0] AndroidManifest.xml:9:22-95
15
16    <permission
16-->[androidx.core:core:1.13.0] AndroidManifest.xml:22:5-24:47
17        android:name="com.example.a4tcomic.DYNAMIC_RECEIVER_NOT_EXPORTED_PERMISSION"
17-->[androidx.core:core:1.13.0] AndroidManifest.xml:23:9-81
18        android:protectionLevel="signature" />
18-->[androidx.core:core:1.13.0] AndroidManifest.xml:24:9-44
19
20    <uses-permission android:name="com.example.a4tcomic.DYNAMIC_RECEIVER_NOT_EXPORTED_PERMISSION" />
20-->[androidx.core:core:1.13.0] AndroidManifest.xml:26:5-97
20-->[androidx.core:core:1.13.0] AndroidManifest.xml:26:22-94
21
22    <application
22-->src\main\AndroidManifest.xml:7:5-96:19
23        android:allowBackup="true"
23-->src\main\AndroidManifest.xml:8:9-35
24        android:appComponentFactory="androidx.core.app.CoreComponentFactory"
24-->[androidx.core:core:1.13.0] AndroidManifest.xml:28:18-86
25        android:dataExtractionRules="@xml/data_extraction_rules"
25-->src\main\AndroidManifest.xml:9:9-65
26        android:debuggable="true"
27        android:extractNativeLibs="false"
28        android:fullBackupContent="@xml/backup_rules"
28-->src\main\AndroidManifest.xml:10:9-54
29        android:icon="@mipmap/ic_launcher"
29-->src\main\AndroidManifest.xml:11:9-43
30        android:label="@string/app_name"
30-->src\main\AndroidManifest.xml:12:9-41
31        android:roundIcon="@mipmap/ic_launcher"
31-->src\main\AndroidManifest.xml:13:9-48
32        android:supportsRtl="true"
32-->src\main\AndroidManifest.xml:14:9-35
33        android:testOnly="true"
34        android:theme="@style/Theme._4TComic" >
34-->src\main\AndroidManifest.xml:15:9-46
35        <service
35-->src\main\AndroidManifest.xml:17:9-20:47
36            android:name="com.example.a4tcomic.activities.story.Music"
36-->src\main\AndroidManifest.xml:18:13-51
37            android:enabled="true"
37-->src\main\AndroidManifest.xml:19:13-35
38            android:exported="true" />
38-->src\main\AndroidManifest.xml:20:13-36
39
40        <activity
40-->src\main\AndroidManifest.xml:21:9-23:40
41            android:name="com.example.a4tcomic.activities.search.ListComicActivity"
41-->src\main\AndroidManifest.xml:22:13-64
42            android:exported="false" />
42-->src\main\AndroidManifest.xml:23:13-37
43        <activity
43-->src\main\AndroidManifest.xml:24:9-26:40
44            android:name="com.example.a4tcomic.activities.personal.UploadChapterActivity"
44-->src\main\AndroidManifest.xml:25:13-70
45            android:exported="false" />
45-->src\main\AndroidManifest.xml:26:13-37
46        <activity
46-->src\main\AndroidManifest.xml:27:9-29:40
47            android:name="com.example.a4tcomic.activities.personal.HomeUploadActivity"
47-->src\main\AndroidManifest.xml:28:13-67
48            android:exported="false" />
48-->src\main\AndroidManifest.xml:29:13-37
49        <activity
49-->src\main\AndroidManifest.xml:30:9-32:40
50            android:name="com.example.a4tcomic.activities.personal.ChangePasswordActivity"
50-->src\main\AndroidManifest.xml:31:13-71
51            android:exported="false" />
51-->src\main\AndroidManifest.xml:32:13-37
52        <activity
52-->src\main\AndroidManifest.xml:33:9-35:40
53            android:name="com.example.a4tcomic.activities.personal.UploadComicActivity"
53-->src\main\AndroidManifest.xml:34:13-68
54            android:exported="false" />
54-->src\main\AndroidManifest.xml:35:13-37
55        <activity
55-->src\main\AndroidManifest.xml:36:9-38:40
56            android:name="com.example.a4tcomic.activities.admin.AdminActivity"
56-->src\main\AndroidManifest.xml:37:13-59
57            android:exported="false" />
57-->src\main\AndroidManifest.xml:38:13-37
58        <activity
58-->src\main\AndroidManifest.xml:39:9-41:40
59            android:name="com.example.a4tcomic.activities.HomePageActivity"
59-->src\main\AndroidManifest.xml:40:13-56
60            android:exported="false" />
60-->src\main\AndroidManifest.xml:41:13-37
61        <activity
61-->src\main\AndroidManifest.xml:42:9-44:40
62            android:name="com.example.a4tcomic.activities.account.ForgotPasswordActivity"
62-->src\main\AndroidManifest.xml:43:13-70
63            android:exported="false" />
63-->src\main\AndroidManifest.xml:44:13-37
64        <activity
64-->src\main\AndroidManifest.xml:45:9-47:40
65            android:name="com.example.a4tcomic.activities.account.RegisterActivity"
65-->src\main\AndroidManifest.xml:46:13-64
66            android:exported="false" />
66-->src\main\AndroidManifest.xml:47:13-37
67        <activity
67-->src\main\AndroidManifest.xml:48:9-56:20
68            android:name="com.example.a4tcomic.activities.account.LoginActivity"
68-->src\main\AndroidManifest.xml:49:13-61
69            android:exported="true" >
69-->src\main\AndroidManifest.xml:50:13-36
70            <intent-filter>
70-->src\main\AndroidManifest.xml:51:13-55:29
71                <action android:name="android.intent.action.MAIN" />
71-->src\main\AndroidManifest.xml:52:17-69
71-->src\main\AndroidManifest.xml:52:25-66
72
73                <category android:name="android.intent.category.LAUNCHER" />
73-->src\main\AndroidManifest.xml:54:17-77
73-->src\main\AndroidManifest.xml:54:27-74
74            </intent-filter>
75        </activity>
76        <activity
76-->src\main\AndroidManifest.xml:57:9-59:40
77            android:name="com.example.a4tcomic.activities.personal.ProfileActivity"
77-->src\main\AndroidManifest.xml:58:13-64
78            android:exported="false" />
78-->src\main\AndroidManifest.xml:59:13-37
79        <activity
79-->src\main\AndroidManifest.xml:60:9-62:40
80            android:name="com.example.a4tcomic.activities.personal.AccountActivity"
80-->src\main\AndroidManifest.xml:61:13-64
81            android:exported="false" />
81-->src\main\AndroidManifest.xml:62:13-37
82        <activity
82-->src\main\AndroidManifest.xml:63:9-65:40
83            android:name="com.example.a4tcomic.activities.PersonalActivity"
83-->src\main\AndroidManifest.xml:64:13-56
84            android:exported="false" />
84-->src\main\AndroidManifest.xml:65:13-37
85        <activity
85-->src\main\AndroidManifest.xml:66:9-68:40
86            android:name="com.example.a4tcomic.activities.story.StoryDetailActivity"
86-->src\main\AndroidManifest.xml:67:13-65
87            android:exported="false" />
87-->src\main\AndroidManifest.xml:68:13-37
88        <activity
88-->src\main\AndroidManifest.xml:69:9-71:40
89            android:name="com.example.a4tcomic.activities.story.ChaptersActivity"
89-->src\main\AndroidManifest.xml:70:13-62
90            android:exported="false" />
90-->src\main\AndroidManifest.xml:71:13-37
91        <activity
91-->src\main\AndroidManifest.xml:72:9-74:40
92            android:name="com.example.a4tcomic.activities.story.ReadPageActivity"
92-->src\main\AndroidManifest.xml:73:13-62
93            android:exported="false" />
93-->src\main\AndroidManifest.xml:74:13-37
94        <activity
94-->src\main\AndroidManifest.xml:75:9-77:40
95            android:name="com.example.a4tcomic.activities.BookcaseActivity"
95-->src\main\AndroidManifest.xml:76:13-56
96            android:exported="false" />
96-->src\main\AndroidManifest.xml:77:13-37
97        <activity
97-->src\main\AndroidManifest.xml:78:9-80:40
98            android:name="com.example.a4tcomic.activities.story.CommentActivity"
98-->src\main\AndroidManifest.xml:79:13-61
99            android:exported="false" />
99-->src\main\AndroidManifest.xml:80:13-37
100        <activity
100-->src\main\AndroidManifest.xml:81:9-83:40
101            android:name="com.example.a4tcomic.activities.NotificationActivity"
101-->src\main\AndroidManifest.xml:82:13-60
102            android:exported="false" />
102-->src\main\AndroidManifest.xml:83:13-37
103        <activity
103-->src\main\AndroidManifest.xml:84:9-86:40
104            android:name="com.example.a4tcomic.activities.search.AdvancedSearchActivity"
104-->src\main\AndroidManifest.xml:85:13-69
105            android:exported="false" />
105-->src\main\AndroidManifest.xml:86:13-37
106        <activity
106-->src\main\AndroidManifest.xml:87:9-89:40
107            android:name="com.example.a4tcomic.activities.search.FindByCategoryActivity"
107-->src\main\AndroidManifest.xml:88:13-69
108            android:exported="false" />
108-->src\main\AndroidManifest.xml:89:13-37
109        <activity
109-->src\main\AndroidManifest.xml:90:9-92:40
110            android:name="com.example.a4tcomic.activities.search.FindByWriterActivity"
110-->src\main\AndroidManifest.xml:91:13-67
111            android:exported="false" />
111-->src\main\AndroidManifest.xml:92:13-37
112        <activity
112-->src\main\AndroidManifest.xml:93:9-95:40
113            android:name="com.example.a4tcomic.activities.personal.GraphicSettingActivity"
113-->src\main\AndroidManifest.xml:94:13-71
114            android:exported="false" />
114-->src\main\AndroidManifest.xml:95:13-37
115        <activity
115-->[com.google.firebase:firebase-auth:23.0.0] AndroidManifest.xml:29:9-46:20
116            android:name="com.google.firebase.auth.internal.GenericIdpActivity"
116-->[com.google.firebase:firebase-auth:23.0.0] AndroidManifest.xml:30:13-80
117            android:excludeFromRecents="true"
117-->[com.google.firebase:firebase-auth:23.0.0] AndroidManifest.xml:31:13-46
118            android:exported="true"
118-->[com.google.firebase:firebase-auth:23.0.0] AndroidManifest.xml:32:13-36
119            android:launchMode="singleTask"
119-->[com.google.firebase:firebase-auth:23.0.0] AndroidManifest.xml:33:13-44
120            android:theme="@android:style/Theme.Translucent.NoTitleBar" >
120-->[com.google.firebase:firebase-auth:23.0.0] AndroidManifest.xml:34:13-72
121            <intent-filter>
121-->[com.google.firebase:firebase-auth:23.0.0] AndroidManifest.xml:35:13-45:29
122                <action android:name="android.intent.action.VIEW" />
122-->[com.google.firebase:firebase-auth:23.0.0] AndroidManifest.xml:36:17-69
122-->[com.google.firebase:firebase-auth:23.0.0] AndroidManifest.xml:36:25-66
123
124                <category android:name="android.intent.category.DEFAULT" />
124-->[com.google.firebase:firebase-auth:23.0.0] AndroidManifest.xml:38:17-76
124-->[com.google.firebase:firebase-auth:23.0.0] AndroidManifest.xml:38:27-73
125                <category android:name="android.intent.category.BROWSABLE" />
125-->[com.google.firebase:firebase-auth:23.0.0] AndroidManifest.xml:39:17-78
125-->[com.google.firebase:firebase-auth:23.0.0] AndroidManifest.xml:39:27-75
126
127                <data
127-->[com.google.firebase:firebase-auth:23.0.0] AndroidManifest.xml:41:17-44:51
128                    android:host="firebase.auth"
128-->[com.google.firebase:firebase-auth:23.0.0] AndroidManifest.xml:42:21-49
129                    android:path="/"
129-->[com.google.firebase:firebase-auth:23.0.0] AndroidManifest.xml:43:21-37
130                    android:scheme="genericidp" />
130-->[com.google.firebase:firebase-auth:23.0.0] AndroidManifest.xml:44:21-48
131            </intent-filter>
132        </activity>
133        <activity
133-->[com.google.firebase:firebase-auth:23.0.0] AndroidManifest.xml:47:9-64:20
134            android:name="com.google.firebase.auth.internal.RecaptchaActivity"
134-->[com.google.firebase:firebase-auth:23.0.0] AndroidManifest.xml:48:13-79
135            android:excludeFromRecents="true"
135-->[com.google.firebase:firebase-auth:23.0.0] AndroidManifest.xml:49:13-46
136            android:exported="true"
136-->[com.google.firebase:firebase-auth:23.0.0] AndroidManifest.xml:50:13-36
137            android:launchMode="singleTask"
137-->[com.google.firebase:firebase-auth:23.0.0] AndroidManifest.xml:51:13-44
138            android:theme="@android:style/Theme.Translucent.NoTitleBar" >
138-->[com.google.firebase:firebase-auth:23.0.0] AndroidManifest.xml:52:13-72
139            <intent-filter>
139-->[com.google.firebase:firebase-auth:23.0.0] AndroidManifest.xml:53:13-63:29
140                <action android:name="android.intent.action.VIEW" />
140-->[com.google.firebase:firebase-auth:23.0.0] AndroidManifest.xml:36:17-69
140-->[com.google.firebase:firebase-auth:23.0.0] AndroidManifest.xml:36:25-66
141
142                <category android:name="android.intent.category.DEFAULT" />
142-->[com.google.firebase:firebase-auth:23.0.0] AndroidManifest.xml:38:17-76
142-->[com.google.firebase:firebase-auth:23.0.0] AndroidManifest.xml:38:27-73
143                <category android:name="android.intent.category.BROWSABLE" />
143-->[com.google.firebase:firebase-auth:23.0.0] AndroidManifest.xml:39:17-78
143-->[com.google.firebase:firebase-auth:23.0.0] AndroidManifest.xml:39:27-75
144
145                <data
145-->[com.google.firebase:firebase-auth:23.0.0] AndroidManifest.xml:41:17-44:51
146                    android:host="firebase.auth"
146-->[com.google.firebase:firebase-auth:23.0.0] AndroidManifest.xml:42:21-49
147                    android:path="/"
147-->[com.google.firebase:firebase-auth:23.0.0] AndroidManifest.xml:43:21-37
148                    android:scheme="recaptcha" />
148-->[com.google.firebase:firebase-auth:23.0.0] AndroidManifest.xml:44:21-48
149            </intent-filter>
150        </activity>
151
152        <service
152-->[com.google.firebase:firebase-auth:23.0.0] AndroidManifest.xml:66:9-72:19
153            android:name="com.google.firebase.components.ComponentDiscoveryService"
153-->[com.google.firebase:firebase-auth:23.0.0] AndroidManifest.xml:67:13-84
154            android:directBootAware="true"
154-->[com.google.firebase:firebase-common:21.0.0] AndroidManifest.xml:32:13-43
155            android:exported="false" >
155-->[com.google.firebase:firebase-auth:23.0.0] AndroidManifest.xml:68:13-37
156            <meta-data
156-->[com.google.firebase:firebase-auth:23.0.0] AndroidManifest.xml:69:13-71:85
157                android:name="com.google.firebase.components:com.google.firebase.auth.FirebaseAuthRegistrar"
157-->[com.google.firebase:firebase-auth:23.0.0] AndroidManifest.xml:70:17-109
158                android:value="com.google.firebase.components.ComponentRegistrar" />
158-->[com.google.firebase:firebase-auth:23.0.0] AndroidManifest.xml:71:17-82
159            <meta-data
159-->[com.google.firebase:firebase-firestore:25.0.0] AndroidManifest.xml:17:13-19:85
160                android:name="com.google.firebase.components:com.google.firebase.firestore.FirebaseFirestoreKtxRegistrar"
160-->[com.google.firebase:firebase-firestore:25.0.0] AndroidManifest.xml:18:17-122
161                android:value="com.google.firebase.components.ComponentRegistrar" />
161-->[com.google.firebase:firebase-firestore:25.0.0] AndroidManifest.xml:19:17-82
162            <meta-data
162-->[com.google.firebase:firebase-firestore:25.0.0] AndroidManifest.xml:20:13-22:85
163                android:name="com.google.firebase.components:com.google.firebase.firestore.FirestoreRegistrar"
163-->[com.google.firebase:firebase-firestore:25.0.0] AndroidManifest.xml:21:17-111
164                android:value="com.google.firebase.components.ComponentRegistrar" />
164-->[com.google.firebase:firebase-firestore:25.0.0] AndroidManifest.xml:22:17-82
165            <meta-data
165-->[com.google.firebase:firebase-database:21.0.0] AndroidManifest.xml:29:13-31:85
166                android:name="com.google.firebase.components:com.google.firebase.database.FirebaseDatabaseKtxRegistrar"
166-->[com.google.firebase:firebase-database:21.0.0] AndroidManifest.xml:30:17-120
167                android:value="com.google.firebase.components.ComponentRegistrar" />
167-->[com.google.firebase:firebase-database:21.0.0] AndroidManifest.xml:31:17-82
168            <meta-data
168-->[com.google.firebase:firebase-database:21.0.0] AndroidManifest.xml:32:13-34:85
169                android:name="com.google.firebase.components:com.google.firebase.database.DatabaseRegistrar"
169-->[com.google.firebase:firebase-database:21.0.0] AndroidManifest.xml:33:17-109
170                android:value="com.google.firebase.components.ComponentRegistrar" />
170-->[com.google.firebase:firebase-database:21.0.0] AndroidManifest.xml:34:17-82
171            <meta-data
171-->[com.google.firebase:firebase-storage:21.0.0] AndroidManifest.xml:30:13-32:85
172                android:name="com.google.firebase.components:com.google.firebase.storage.FirebaseStorageKtxRegistrar"
172-->[com.google.firebase:firebase-storage:21.0.0] AndroidManifest.xml:31:17-118
173                android:value="com.google.firebase.components.ComponentRegistrar" />
173-->[com.google.firebase:firebase-storage:21.0.0] AndroidManifest.xml:32:17-82
174            <meta-data
174-->[com.google.firebase:firebase-storage:21.0.0] AndroidManifest.xml:33:13-35:85
175                android:name="com.google.firebase.components:com.google.firebase.storage.StorageRegistrar"
175-->[com.google.firebase:firebase-storage:21.0.0] AndroidManifest.xml:34:17-107
176                android:value="com.google.firebase.components.ComponentRegistrar" />
176-->[com.google.firebase:firebase-storage:21.0.0] AndroidManifest.xml:35:17-82
177            <meta-data
177-->[com.google.firebase:firebase-appcheck:18.0.0] AndroidManifest.xml:25:13-27:85
178                android:name="com.google.firebase.components:com.google.firebase.appcheck.FirebaseAppCheckKtxRegistrar"
178-->[com.google.firebase:firebase-appcheck:18.0.0] AndroidManifest.xml:26:17-120
179                android:value="com.google.firebase.components.ComponentRegistrar" />
179-->[com.google.firebase:firebase-appcheck:18.0.0] AndroidManifest.xml:27:17-82
180            <meta-data
180-->[com.google.firebase:firebase-appcheck:18.0.0] AndroidManifest.xml:28:13-30:85
181                android:name="com.google.firebase.components:com.google.firebase.appcheck.FirebaseAppCheckRegistrar"
181-->[com.google.firebase:firebase-appcheck:18.0.0] AndroidManifest.xml:29:17-117
182                android:value="com.google.firebase.components.ComponentRegistrar" />
182-->[com.google.firebase:firebase-appcheck:18.0.0] AndroidManifest.xml:30:17-82
183            <meta-data
183-->[com.google.firebase:firebase-common-ktx:21.0.0] AndroidManifest.xml:12:13-14:85
184                android:name="com.google.firebase.components:com.google.firebase.ktx.FirebaseCommonLegacyRegistrar"
184-->[com.google.firebase:firebase-common-ktx:21.0.0] AndroidManifest.xml:13:17-116
185                android:value="com.google.firebase.components.ComponentRegistrar" />
185-->[com.google.firebase:firebase-common-ktx:21.0.0] AndroidManifest.xml:14:17-82
186            <meta-data
186-->[com.google.firebase:firebase-common:21.0.0] AndroidManifest.xml:35:13-37:85
187                android:name="com.google.firebase.components:com.google.firebase.FirebaseCommonKtxRegistrar"
187-->[com.google.firebase:firebase-common:21.0.0] AndroidManifest.xml:36:17-109
188                android:value="com.google.firebase.components.ComponentRegistrar" />
188-->[com.google.firebase:firebase-common:21.0.0] AndroidManifest.xml:37:17-82
189        </service>
190        <service
190-->[androidx.credentials:credentials-play-services-auth:1.2.0-rc01] AndroidManifest.xml:24:9-32:19
191            android:name="androidx.credentials.playservices.CredentialProviderMetadataHolder"
191-->[androidx.credentials:credentials-play-services-auth:1.2.0-rc01] AndroidManifest.xml:25:13-94
192            android:enabled="true"
192-->[androidx.credentials:credentials-play-services-auth:1.2.0-rc01] AndroidManifest.xml:26:13-35
193            android:exported="false" >
193-->[androidx.credentials:credentials-play-services-auth:1.2.0-rc01] AndroidManifest.xml:27:13-37
194            <meta-data
194-->[androidx.credentials:credentials-play-services-auth:1.2.0-rc01] AndroidManifest.xml:29:13-31:104
195                android:name="androidx.credentials.CREDENTIAL_PROVIDER_KEY"
195-->[androidx.credentials:credentials-play-services-auth:1.2.0-rc01] AndroidManifest.xml:30:17-76
196                android:value="androidx.credentials.playservices.CredentialProviderPlayServicesImpl" />
196-->[androidx.credentials:credentials-play-services-auth:1.2.0-rc01] AndroidManifest.xml:31:17-101
197        </service>
198
199        <activity
199-->[androidx.credentials:credentials-play-services-auth:1.2.0-rc01] AndroidManifest.xml:34:9-41:20
200            android:name="androidx.credentials.playservices.HiddenActivity"
200-->[androidx.credentials:credentials-play-services-auth:1.2.0-rc01] AndroidManifest.xml:35:13-76
201            android:configChanges="orientation|screenSize|screenLayout|keyboardHidden"
201-->[androidx.credentials:credentials-play-services-auth:1.2.0-rc01] AndroidManifest.xml:36:13-87
202            android:enabled="true"
202-->[androidx.credentials:credentials-play-services-auth:1.2.0-rc01] AndroidManifest.xml:37:13-35
203            android:exported="false"
203-->[androidx.credentials:credentials-play-services-auth:1.2.0-rc01] AndroidManifest.xml:38:13-37
204            android:fitsSystemWindows="true"
204-->[androidx.credentials:credentials-play-services-auth:1.2.0-rc01] AndroidManifest.xml:39:13-45
205            android:theme="@style/Theme.Hidden" >
205-->[androidx.credentials:credentials-play-services-auth:1.2.0-rc01] AndroidManifest.xml:40:13-48
206        </activity>
207        <activity
207-->[com.google.android.gms:play-services-auth:20.7.0] AndroidManifest.xml:23:9-27:75
208            android:name="com.google.android.gms.auth.api.signin.internal.SignInHubActivity"
208-->[com.google.android.gms:play-services-auth:20.7.0] AndroidManifest.xml:24:13-93
209            android:excludeFromRecents="true"
209-->[com.google.android.gms:play-services-auth:20.7.0] AndroidManifest.xml:25:13-46
210            android:exported="false"
210-->[com.google.android.gms:play-services-auth:20.7.0] AndroidManifest.xml:26:13-37
211            android:theme="@android:style/Theme.Translucent.NoTitleBar" />
211-->[com.google.android.gms:play-services-auth:20.7.0] AndroidManifest.xml:27:13-72
212        <!--
213            Service handling Google Sign-In user revocation. For apps that do not integrate with
214            Google Sign-In, this service will never be started.
215        -->
216        <service
216-->[com.google.android.gms:play-services-auth:20.7.0] AndroidManifest.xml:33:9-37:51
217            android:name="com.google.android.gms.auth.api.signin.RevocationBoundService"
217-->[com.google.android.gms:play-services-auth:20.7.0] AndroidManifest.xml:34:13-89
218            android:exported="true"
218-->[com.google.android.gms:play-services-auth:20.7.0] AndroidManifest.xml:35:13-36
219            android:permission="com.google.android.gms.auth.api.signin.permission.REVOCATION_NOTIFICATION"
219-->[com.google.android.gms:play-services-auth:20.7.0] AndroidManifest.xml:36:13-107
220            android:visibleToInstantApps="true" />
220-->[com.google.android.gms:play-services-auth:20.7.0] AndroidManifest.xml:37:13-48
221
222        <activity
222-->[com.google.android.gms:play-services-base:18.1.0] AndroidManifest.xml:20:9-22:45
223            android:name="com.google.android.gms.common.api.GoogleApiActivity"
223-->[com.google.android.gms:play-services-base:18.1.0] AndroidManifest.xml:20:19-85
224            android:exported="false"
224-->[com.google.android.gms:play-services-base:18.1.0] AndroidManifest.xml:22:19-43
225            android:theme="@android:style/Theme.Translucent.NoTitleBar" />
225-->[com.google.android.gms:play-services-base:18.1.0] AndroidManifest.xml:21:19-78
226
227        <provider
227-->[com.google.firebase:firebase-common:21.0.0] AndroidManifest.xml:23:9-28:39
228            android:name="com.google.firebase.provider.FirebaseInitProvider"
228-->[com.google.firebase:firebase-common:21.0.0] AndroidManifest.xml:24:13-77
229            android:authorities="com.example.a4tcomic.firebaseinitprovider"
229-->[com.google.firebase:firebase-common:21.0.0] AndroidManifest.xml:25:13-72
230            android:directBootAware="true"
230-->[com.google.firebase:firebase-common:21.0.0] AndroidManifest.xml:26:13-43
231            android:exported="false"
231-->[com.google.firebase:firebase-common:21.0.0] AndroidManifest.xml:27:13-37
232            android:initOrder="100" />
232-->[com.google.firebase:firebase-common:21.0.0] AndroidManifest.xml:28:13-36
233        <provider
233-->[androidx.emoji2:emoji2:1.3.0] AndroidManifest.xml:24:9-32:20
234            android:name="androidx.startup.InitializationProvider"
234-->[androidx.emoji2:emoji2:1.3.0] AndroidManifest.xml:25:13-67
235            android:authorities="com.example.a4tcomic.androidx-startup"
235-->[androidx.emoji2:emoji2:1.3.0] AndroidManifest.xml:26:13-68
236            android:exported="false" >
236-->[androidx.emoji2:emoji2:1.3.0] AndroidManifest.xml:27:13-37
237            <meta-data
237-->[androidx.emoji2:emoji2:1.3.0] AndroidManifest.xml:29:13-31:52
238                android:name="androidx.emoji2.text.EmojiCompatInitializer"
238-->[androidx.emoji2:emoji2:1.3.0] AndroidManifest.xml:30:17-75
239                android:value="androidx.startup" />
239-->[androidx.emoji2:emoji2:1.3.0] AndroidManifest.xml:31:17-49
240            <meta-data
240-->[androidx.lifecycle:lifecycle-process:2.6.2] AndroidManifest.xml:29:13-31:52
241                android:name="androidx.lifecycle.ProcessLifecycleInitializer"
241-->[androidx.lifecycle:lifecycle-process:2.6.2] AndroidManifest.xml:30:17-78
242                android:value="androidx.startup" />
242-->[androidx.lifecycle:lifecycle-process:2.6.2] AndroidManifest.xml:31:17-49
243            <meta-data
243-->[androidx.profileinstaller:profileinstaller:1.3.1] AndroidManifest.xml:29:13-31:52
244                android:name="androidx.profileinstaller.ProfileInstallerInitializer"
244-->[androidx.profileinstaller:profileinstaller:1.3.1] AndroidManifest.xml:30:17-85
245                android:value="androidx.startup" />
245-->[androidx.profileinstaller:profileinstaller:1.3.1] AndroidManifest.xml:31:17-49
246        </provider>
247
248        <meta-data
248-->[com.google.android.gms:play-services-basement:18.3.0] AndroidManifest.xml:21:9-23:69
249            android:name="com.google.android.gms.version"
249-->[com.google.android.gms:play-services-basement:18.3.0] AndroidManifest.xml:22:13-58
250            android:value="@integer/google_play_services_version" />
250-->[com.google.android.gms:play-services-basement:18.3.0] AndroidManifest.xml:23:13-66
251
252        <provider
252-->[com.squareup.picasso:picasso:2.71828] AndroidManifest.xml:8:9-11:40
253            android:name="com.squareup.picasso.PicassoProvider"
253-->[com.squareup.picasso:picasso:2.71828] AndroidManifest.xml:9:13-64
254            android:authorities="com.example.a4tcomic.com.squareup.picasso"
254-->[com.squareup.picasso:picasso:2.71828] AndroidManifest.xml:10:13-72
255            android:exported="false" />
255-->[com.squareup.picasso:picasso:2.71828] AndroidManifest.xml:11:13-37
256
257        <receiver
257-->[androidx.profileinstaller:profileinstaller:1.3.1] AndroidManifest.xml:34:9-52:20
258            android:name="androidx.profileinstaller.ProfileInstallReceiver"
258-->[androidx.profileinstaller:profileinstaller:1.3.1] AndroidManifest.xml:35:13-76
259            android:directBootAware="false"
259-->[androidx.profileinstaller:profileinstaller:1.3.1] AndroidManifest.xml:36:13-44
260            android:enabled="true"
260-->[androidx.profileinstaller:profileinstaller:1.3.1] AndroidManifest.xml:37:13-35
261            android:exported="true"
261-->[androidx.profileinstaller:profileinstaller:1.3.1] AndroidManifest.xml:38:13-36
262            android:permission="android.permission.DUMP" >
262-->[androidx.profileinstaller:profileinstaller:1.3.1] AndroidManifest.xml:39:13-57
263            <intent-filter>
263-->[androidx.profileinstaller:profileinstaller:1.3.1] AndroidManifest.xml:40:13-42:29
264                <action android:name="androidx.profileinstaller.action.INSTALL_PROFILE" />
264-->[androidx.profileinstaller:profileinstaller:1.3.1] AndroidManifest.xml:41:17-91
264-->[androidx.profileinstaller:profileinstaller:1.3.1] AndroidManifest.xml:41:25-88
265            </intent-filter>
266            <intent-filter>
266-->[androidx.profileinstaller:profileinstaller:1.3.1] AndroidManifest.xml:43:13-45:29
267                <action android:name="androidx.profileinstaller.action.SKIP_FILE" />
267-->[androidx.profileinstaller:profileinstaller:1.3.1] AndroidManifest.xml:44:17-85
267-->[androidx.profileinstaller:profileinstaller:1.3.1] AndroidManifest.xml:44:25-82
268            </intent-filter>
269            <intent-filter>
269-->[androidx.profileinstaller:profileinstaller:1.3.1] AndroidManifest.xml:46:13-48:29
270                <action android:name="androidx.profileinstaller.action.SAVE_PROFILE" />
270-->[androidx.profileinstaller:profileinstaller:1.3.1] AndroidManifest.xml:47:17-88